Error: connect ECONNREFUSED 47.190.78.210:443
    at TCPConnectWrap.afterConnect [as oncomplete] (net.js:1138:16) {
  errno: 'ECONNREFUSED',
  code: 'ECONNREFUSED',
  syscall: 'connect',
  address: '47.190.78.210',
  port: 443,
  response: undefined
}
No response for doc_subscribe
No response for doc_subscribe
No response for doc_subscribe
Error: connect ECONNREFUSED 47.190.78.210:443
    at TCPConnectWrap.afterConnect [as oncomplete] (net.js:1138:16) {
  errno: 'ECONNREFUSED',
  code: 'ECONNREFUSED',
  syscall: 'connect',
  address: '47.190.78.210',
  port: 443,
  response: undefined
}
No response for doc_subscribe
No response for doc_subscribe
No response for doc_subscribe
No response for doc_subscribe
